Code Base/app/build/intermediates/manifest_merge_blame_file/debug/manifest-merger-blame-debug-report.txt
1<?xml version="1.0" encoding="utf-8"?>
2<manifest xmlns:android="http://schemas.android.com/apk/res/android"
3    package="com.sagarkhurana.quizforfun"
4    android:versionCode="1"
5    android:versionName="1.0" >
6
7    <uses-sdk
8        android:minSdkVersion="21"
8-->src\main\AndroidManifest.xml
9        android:targetSdkVersion="30" />
9-->src\main\AndroidManifest.xml
10
11    <application
11-->src\main\AndroidManifest.xml:5:5-30:19
12        android:allowBackup="true"
12-->src\main\AndroidManifest.xml:6:9-35
13        android:appComponentFactory="androidx.core.app.CoreComponentFactory"
13-->[androidx.core:core:1.3.1] AndroidManifest.xml:24:18-86
14        android:debuggable="true"
15        android:icon="@mipmap/ic_launcher"
15-->src\main\AndroidManifest.xml:7:9-43
16        android:label="@string/app_name"
16-->src\main\AndroidManifest.xml:8:9-41
17        android:roundIcon="@mipmap/ic_launcher"
17-->src\main\AndroidManifest.xml:9:9-48
18        android:supportsRtl="true"
18-->src\main\AndroidManifest.xml:10:9-35
19        android:theme="@style/Theme.QuizForFun" >
19-->src\main\AndroidManifest.xml:11:9-48
20        <activity android:name="com.sagarkhurana.quizforfun.GeographyOrLiteratureQuizActivity" />
20-->src\main\AndroidManifest.xml:12:9-80
20-->src\main\AndroidManifest.xml:12:19-68
21        <activity android:name="com.sagarkhurana.quizforfun.FinalResultActivity" />
21-->src\main\AndroidManifest.xml:13:9-57
21-->src\main\AndroidManifest.xml:13:19-54
22        <activity android:name="com.sagarkhurana.quizforfun.MathQuizActivity" />
22-->src\main\AndroidManifest.xml:14:9-54
22-->src\main\AndroidManifest.xml:14:19-51
23        <activity android:name="com.sagarkhurana.quizforfun.EditPasswordActivity" />
23-->src\main\AndroidManifest.xml:15:9-58
23-->src\main\AndroidManifest.xml:15:19-55
24        <activity android:name="com.sagarkhurana.quizforfun.HistoryActivity" />
24-->src\main\AndroidManifest.xml:16:9-53
24-->src\main\AndroidManifest.xml:16:19-50
25        <activity android:name="com.sagarkhurana.quizforfun.RuleActivity" />
25-->src\main\AndroidManifest.xml:17:9-50
25-->src\main\AndroidManifest.xml:17:19-47
26        <activity android:name="com.sagarkhurana.quizforfun.QuizOptionActivity" />
26-->src\main\AndroidManifest.xml:18:9-56
26-->src\main\AndroidManifest.xml:18:19-53
27        <activity android:name="com.sagarkhurana.quizforfun.RegisterActivity" />
27-->src\main\AndroidManifest.xml:19:9-54
27-->src\main\AndroidManifest.xml:19:19-51
28        <activity
28-->src\main\AndroidManifest.xml:20:9-28:20
29            android:name="com.sagarkhurana.quizforfun.LoginActivity"
29-->src\main\AndroidManifest.xml:21:13-42
30            android:theme="@style/splashScreenTheme" >
30-->src\main\AndroidManifest.xml:22:13-53
31            <intent-filter>
31-->src\main\AndroidManifest.xml:23:13-27:29
32                <action android:name="android.intent.action.MAIN" />
32-->src\main\AndroidManifest.xml:24:17-69
32-->src\main\AndroidManifest.xml:24:25-66
33
34                <category android:name="android.intent.category.LAUNCHER" />
34-->src\main\AndroidManifest.xml:26:17-77
34-->src\main\AndroidManifest.xml:26:27-74
35            </intent-filter>
36        </activity>
37        <activity android:name="com.sagarkhurana.quizforfun.MainActivity" />
37-->src\main\AndroidManifest.xml:29:9-50
37-->src\main\AndroidManifest.xml:29:19-47
38
39        <service
39-->[androidx.room:room-runtime:2.2.5] AndroidManifest.xml:25:9-28:40
40            android:name="androidx.room.MultiInstanceInvalidationService"
40-->[androidx.room:room-runtime:2.2.5] AndroidManifest.xml:26:13-74
41            android:directBootAware="true"
41-->[androidx.room:room-runtime:2.2.5] AndroidManifest.xml:27:13-43
42            android:exported="false" />
42-->[androidx.room:room-runtime:2.2.5] AndroidManifest.xml:28:13-37
43    </application>
44
45</manifest>